<?xml version="1.0" encoding="UTF-8"?>
<!-- Generated by org.testng.reporters.JUnitXMLReporter -->
<testsuite ignored="2" hostname="DESKTOP-MVCJ8IJ" failures="0" tests="1" name="Page Object Model Project" time="21.288" errors="0" timestamp="2023-05-03T11:30:22 SAST">
  <testcase classname="POM.test.loginTest" name="init" time="20.984"/>
  <testcase classname="POM.test.TestBase" name="@BeforeSuite initialization" time="0.0">
    <ignored/>
  </testcase> <!-- @BeforeSuite initialization -->
  <testcase classname="POM.test.TestBase" name="@AfterSuite tearDown" time="0.0">
    <ignored/>
  </testcase> <!-- @AfterSuite tearDown -->
</testsuite> <!-- Page Object Model Project -->
