<?xml version="1.0" encoding="UTF-8"?>
<testng-results ignored="2" total="3" passed="1" failed="0" skipped="0">
  <reporter-output>
  </reporter-output>
  <suite started-at="2023-05-03T11:30:00 SAST" name="Suite" finished-at="2023-05-03T11:30:21 SAST" duration-ms="21288">
    <groups>
    </groups>
    <test started-at="2023-05-03T11:30:00 SAST" name="Page Object Model Project" finished-at="2023-05-03T11:30:21 SAST" duration-ms="21288">
      <class name="POM.test.TestBase">
        <test-method is-config="true" signature="initialization()[pri:0, instance:POM.test.TestBase@5b8dfcc1]" started-at="2023-05-03T11:29:49 SAST" name="initialization" finished-at="2023-05-03T11:30:00 SAST" duration-ms="11197" status="PASS">
          <reporter-output>
          </reporter-output>
        </test-method> <!-- initialization -->
        <test-method is-config="true" signature="tearDown()[pri:0, instance:POM.test.TestBase@5b8dfcc1]" started-at="2023-05-03T11:30:22 SAST" name="tearDown" finished-at="2023-05-03T11:30:24 SAST" duration-ms="1300" status="PASS">
          <reporter-output>
          </reporter-output>
        </test-method> <!-- tearDown -->
      </class> <!-- POM.test.TestBase -->
      <class name="POM.test.loginTest">
        <test-method signature="init()[pri:0, instance:POM.test.loginTest@2a3b5b47]" started-at="2023-05-03T11:30:00 SAST" name="init" finished-at="2023-05-03T11:30:21 SAST" duration-ms="20984" status="PASS">
          <reporter-output>
          </reporter-output>
        </test-method> <!-- init -->
      </class> <!-- POM.test.loginTest -->
    </test> <!-- Page Object Model Project -->
  </suite> <!-- Suite -->
</testng-results>
