<?xml version="1.0" encoding="UTF-8"?>
<!-- Generated by org.testng.reporters.JUnitXMLReporter -->
<testsuite ignored="0" hostname="DESKTOP-MVCJ8IJ" failures="0" tests="1" name="FirefoxTest" time="0.23" errors="0" timestamp="2023-04-24T12:33:47 SAST">
  <testcase classname="Basics.CrossBrowserTesting" name="@BeforeTest setup" time="0.017">
    <failure type="java.lang.Exception" message="Browser is not correct">
        <![CDATA[java.lang.Exception: Browser is not correct
at Basics.CrossBrowserTesting.setup(Basics.CrossBrowserTesting.java:41)
at java.base/java.util.concurrent.FutureTask.run(FutureTask.java:317)
at java.base/java.util.concurrent.ThreadPoolExecutor.runWorker(ThreadPoolExecutor.java:1144)
at java.base/java.util.concurrent.ThreadPoolExecutor$Worker.run(ThreadPoolExecutor.java:642)
at java.base/java.lang.Thread.run(Thread.java:1623)
... Removed 13 stack frames]]>
    </failure>
  </testcase> <!-- @BeforeTest setup -->
  <testcase classname="Basics.CrossBrowserTesting" name="testParameterWithXml" time="0.0">
    <skipped/>
  </testcase> <!-- testParameterWithXml -->
</testsuite> <!-- FirefoxTest -->
